<?xml version="1.0" encoding="UTF-8"?>
<!-- Generated by org.testng.reporters.JUnitReportReporter -->
<testsuite skipped="0" hostname="HIPUNL68032" name="BrossBrowserTestingByUsingBrowserStackOM.BrowserStack.BrowserStackTest" tests="1" failures="0" timestamp="19 May 2021 15:05:47 GMT" time="30.041" errors="0">
  <testcase name="openSTM" time="30.041" classname="BrossBrowserTestingByUsingBrowserStackOM.BrowserStack.BrowserStackTest"/>
</testsuite> <!-- BrossBrowserTestingByUsingBrowserStackOM.BrowserStack.BrowserStackTest -->
